[2022-03-03 20:35:03] local.ERROR: syntax error, unexpected end of file, expecting ";" {"exception":"[object] (ParseError(code: 0): syntax error, unexpected end of file, expecting \";\" at C:\\xampp\\htdocs\\user-api\\database\\migrations\\add_teams_fields.php:95)
[stacktrace]
#0 C:\\xampp\\htdocs\\user-api\\vendor\\illuminate\\filesystem\\Filesystem.php(133): Illuminate\\Filesystem\\Filesystem::Illuminate\\Filesystem\\{closure}()
#1 C:\\xampp\\htdocs\\user-api\\vendor\\illuminate\\database\\Migrations\\Migrator.php(547): Illuminate\\Filesystem\\Filesystem->requireOnce('C:\\\\xampp\\\\htdocs...')
#2 C:\\xampp\\htdocs\\user-api\\vendor\\illuminate\\database\\Migrations\\Migrator.php(266): Illuminate\\Database\\Migrations\\Migrator->requireFiles(Array)
#3 C:\\xampp\\htdocs\\user-api\\vendor\\illuminate\\database\\Migrations\\Migrator.php(336): Illuminate\\Database\\Migrations\\Migrator->rollbackMigrations(Array, Array, Array)
#4 C:\\xampp\\htdocs\\user-api\\vendor\\illuminate\\database\\Migrations\\Migrator.php(315): Illuminate\\Database\\Migrations\\Migrator->resetMigrations(Array, Array, false)
#5 C:\\xampp\\htdocs\\user-api\\vendor\\illuminate\\database\\Console\\Migrations\\ResetCommand.php(67): Illuminate\\Database\\Migrations\\Migrator->reset(Array, false)
#6 C:\\xampp\\htdocs\\user-api\\vendor\\illuminate\\database\\Migrations\\Migrator.php(606): Illuminate\\Database\\Console\\Migrations\\ResetCommand->Illuminate\\Database\\Console\\Migrations\\{closure}()
#7 C:\\xampp\\htdocs\\user-api\\vendor\\illuminate\\database\\Console\\Migrations\\ResetCommand.php(69): Illuminate\\Database\\Migrations\\Migrator->usingConnection(NULL, Object(Closure))
#8 C:\\xampp\\htdocs\\user-api\\vendor\\illuminate\\container\\BoundMethod.php(36): Illuminate\\Database\\Console\\Migrations\\ResetCommand->handle()
#9 C:\\xampp\\htdocs\\user-api\\vendor\\illuminate\\container\\Util.php(41): Illuminate\\Container\\BoundMethod::Illuminate\\Container\\{closure}()
#10 C:\\xampp\\htdocs\\user-api\\vendor\\illuminate\\container\\BoundMethod.php(93): Illuminate\\Container\\Util::unwrapIfClosure(Object(Closure))
#11 C:\\xampp\\htdocs\\user-api\\vendor\\illuminate\\container\\BoundMethod.php(37): Illuminate\\Container\\BoundMethod::callBoundMethod(Object(Laravel\\Lumen\\Application), Array, Object(Closure))
#12 C:\\xampp\\htdocs\\user-api\\vendor\\illuminate\\container\\Container.php(653): Illuminate\\Container\\BoundMethod::call(Object(Laravel\\Lumen\\Application), Array, Array, NULL)
#13 C:\\xampp\\htdocs\\user-api\\vendor\\illuminate\\console\\Command.php(136): Illuminate\\Container\\Container->call(Array)
#14 C:\\xampp\\htdocs\\user-api\\vendor\\symfony\\console\\Command\\Command.php(291): Illuminate\\Console\\Command->execute(Object(Symfony\\Component\\Console\\Input\\ArrayInput), Object(Illuminate\\Console\\OutputStyle))
#15 C:\\xampp\\htdocs\\user-api\\vendor\\illuminate\\console\\Command.php(121): Symfony\\Component\\Console\\Command\\Command->run(Object(Symfony\\Component\\Console\\Input\\ArrayInput), Object(Illuminate\\Console\\OutputStyle))
#16 C:\\xampp\\htdocs\\user-api\\vendor\\illuminate\\console\\Concerns\\CallsCommands.php(68): Illuminate\\Console\\Command->run(Object(Symfony\\Component\\Console\\Input\\ArrayInput), Object(Illuminate\\Console\\OutputStyle))
#17 C:\\xampp\\htdocs\\user-api\\vendor\\illuminate\\console\\Concerns\\CallsCommands.php(28): Illuminate\\Console\\Command->runCommand('migrate:reset', Array, Object(Illuminate\\Console\\OutputStyle))
#18 C:\\xampp\\htdocs\\user-api\\vendor\\illuminate\\database\\Console\\Migrations\\RefreshCommand.php(110): Illuminate\\Console\\Command->call('migrate:reset', Array)
#19 C:\\xampp\\htdocs\\user-api\\vendor\\illuminate\\database\\Console\\Migrations\\RefreshCommand.php(55): Illuminate\\Database\\Console\\Migrations\\RefreshCommand->runReset(NULL, Array)
#20 C:\\xampp\\htdocs\\user-api\\vendor\\illuminate\\container\\BoundMethod.php(36): Illuminate\\Database\\Console\\Migrations\\RefreshCommand->handle()
#21 C:\\xampp\\htdocs\\user-api\\vendor\\illuminate\\container\\Util.php(41): Illuminate\\Container\\BoundMethod::Illuminate\\Container\\{closure}()
#22 C:\\xampp\\htdocs\\user-api\\vendor\\illuminate\\container\\BoundMethod.php(93): Illuminate\\Container\\Util::unwrapIfClosure(Object(Closure))
#23 C:\\xampp\\htdocs\\user-api\\vendor\\illuminate\\container\\BoundMethod.php(37): Illuminate\\Container\\BoundMethod::callBoundMethod(Object(Laravel\\Lumen\\Application), Array, Object(Closure))
#24 C:\\xampp\\htdocs\\user-api\\vendor\\illuminate\\container\\Container.php(653): Illuminate\\Container\\BoundMethod::call(Object(Laravel\\Lumen\\Application), Array, Array, NULL)
#25 C:\\xampp\\htdocs\\user-api\\vendor\\illuminate\\console\\Command.php(136): Illuminate\\Container\\Container->call(Array)
#26 C:\\xampp\\htdocs\\user-api\\vendor\\symfony\\console\\Command\\Command.php(291): Illuminate\\Console\\Command->execute(Object(Symfony\\Component\\Console\\Input\\ArgvInput), Object(Illuminate\\Console\\OutputStyle))
#27 C:\\xampp\\htdocs\\user-api\\vendor\\illuminate\\console\\Command.php(121): Symfony\\Component\\Console\\Command\\Command->run(Object(Symfony\\Component\\Console\\Input\\ArgvInput), Object(Illuminate\\Console\\OutputStyle))
#28 C:\\xampp\\htdocs\\user-api\\vendor\\symfony\\console\\Application.php(989): Illuminate\\Console\\Command->run(Object(Symfony\\Component\\Console\\Input\\ArgvInput), Object(Symfony\\Component\\Console\\Output\\ConsoleOutput))
#29 C:\\xampp\\htdocs\\user-api\\vendor\\symfony\\console\\Application.php(299): Symfony\\Component\\Console\\Application->doRunCommand(Object(Illuminate\\Database\\Console\\Migrations\\RefreshCommand), Object(Symfony\\Component\\Console\\Input\\ArgvInput), Object(Symfony\\Component\\Console\\Output\\ConsoleOutput))
#30 C:\\xampp\\htdocs\\user-api\\vendor\\symfony\\console\\Application.php(171): Symfony\\Component\\Console\\Application->doRun(Object(Symfony\\Component\\Console\\Input\\ArgvInput), Object(Symfony\\Component\\Console\\Output\\ConsoleOutput))
#31 C:\\xampp\\htdocs\\user-api\\vendor\\illuminate\\console\\Application.php(102): Symfony\\Component\\Console\\Application->run(Object(Symfony\\Component\\Console\\Input\\ArgvInput), Object(Symfony\\Component\\Console\\Output\\ConsoleOutput))
#32 C:\\xampp\\htdocs\\user-api\\vendor\\laravel\\lumen-framework\\src\\Console\\Kernel.php(116): Illuminate\\Console\\Application->run(Object(Symfony\\Component\\Console\\Input\\ArgvInput), Object(Symfony\\Component\\Console\\Output\\ConsoleOutput))
#33 C:\\xampp\\htdocs\\user-api\\artisan(35): Laravel\\Lumen\\Console\\Kernel->handle(Object(Symfony\\Component\\Console\\Input\\ArgvInput), Object(Symfony\\Component\\Console\\Output\\ConsoleOutput))
#34 {main}
"} 
[2022-03-03 20:35:55] local.ERROR: Error: config/permission.php not loaded. Run [php artisan config:clear] and try again. {"exception":"[object] (Exception(code: 0): Error: config/permission.php not loaded. Run [php artisan config:clear] and try again. at C:\\xampp\\htdocs\\user-api\\database\\migrations\\create_permission_tables.php:22)
[stacktrace]
#0 C:\\xampp\\htdocs\\user-api\\vendor\\illuminate\\database\\Migrations\\Migrator.php(472): Illuminate\\Database\\Migrations\\Migration@anonymous->up()
#1 C:\\xampp\\htdocs\\user-api\\vendor\\illuminate\\database\\Migrations\\Migrator.php(394): Illuminate\\Database\\Migrations\\Migrator->runMethod(Object(Illuminate\\Database\\MySqlConnection), Object(Illuminate\\Database\\Migrations\\Migration@anonymous), 'up')
#2 C:\\xampp\\htdocs\\user-api\\vendor\\illuminate\\database\\Migrations\\Migrator.php(403): Illuminate\\Database\\Migrations\\Migrator->Illuminate\\Database\\Migrations\\{closure}()
#3 C:\\xampp\\htdocs\\user-api\\vendor\\illuminate\\database\\Migrations\\Migrator.php(202): Illuminate\\Database\\Migrations\\Migrator->runMigration(Object(Illuminate\\Database\\Migrations\\Migration@anonymous), 'up')
#4 C:\\xampp\\htdocs\\user-api\\vendor\\illuminate\\database\\Migrations\\Migrator.php(167): Illuminate\\Database\\Migrations\\Migrator->runUp('C:\\\\xampp\\\\htdocs...', 1, false)
#5 C:\\xampp\\htdocs\\user-api\\vendor\\illuminate\\database\\Migrations\\Migrator.php(112): Illuminate\\Database\\Migrations\\Migrator->runPending(Array, Array)
#6 C:\\xampp\\htdocs\\user-api\\vendor\\illuminate\\database\\Console\\Migrations\\MigrateCommand.php(85): Illuminate\\Database\\Migrations\\Migrator->run(Array, Array)
#7 C:\\xampp\\htdocs\\user-api\\vendor\\illuminate\\database\\Migrations\\Migrator.php(606): Illuminate\\Database\\Console\\Migrations\\MigrateCommand->Illuminate\\Database\\Console\\Migrations\\{closure}()
#8 C:\\xampp\\htdocs\\user-api\\vendor\\illuminate\\database\\Console\\Migrations\\MigrateCommand.php(94): Illuminate\\Database\\Migrations\\Migrator->usingConnection(NULL, Object(Closure))
#9 C:\\xampp\\htdocs\\user-api\\vendor\\illuminate\\container\\BoundMethod.php(36): Illuminate\\Database\\Console\\Migrations\\MigrateCommand->handle()
#10 C:\\xampp\\htdocs\\user-api\\vendor\\illuminate\\container\\Util.php(41): Illuminate\\Container\\BoundMethod::Illuminate\\Container\\{closure}()
#11 C:\\xampp\\htdocs\\user-api\\vendor\\illuminate\\container\\BoundMethod.php(93): Illuminate\\Container\\Util::unwrapIfClosure(Object(Closure))
#12 C:\\xampp\\htdocs\\user-api\\vendor\\illuminate\\container\\BoundMethod.php(37): Illuminate\\Container\\BoundMethod::callBoundMethod(Object(Laravel\\Lumen\\Application), Array, Object(Closure))
#13 C:\\xampp\\htdocs\\user-api\\vendor\\illuminate\\container\\Container.php(653): Illuminate\\Container\\BoundMethod::call(Object(Laravel\\Lumen\\Application), Array, Array, NULL)
#14 C:\\xampp\\htdocs\\user-api\\vendor\\illuminate\\console\\Command.php(136): Illuminate\\Container\\Container->call(Array)
#15 C:\\xampp\\htdocs\\user-api\\vendor\\symfony\\console\\Command\\Command.php(291): Illuminate\\Console\\Command->execute(Object(Symfony\\Component\\Console\\Input\\ArrayInput), Object(Illuminate\\Console\\OutputStyle))
#16 C:\\xampp\\htdocs\\user-api\\vendor\\illuminate\\console\\Command.php(121): Symfony\\Component\\Console\\Command\\Command->run(Object(Symfony\\Component\\Console\\Input\\ArrayInput), Object(Illuminate\\Console\\OutputStyle))
#17 C:\\xampp\\htdocs\\user-api\\vendor\\illuminate\\console\\Concerns\\CallsCommands.php(68): Illuminate\\Console\\Command->run(Object(Symfony\\Component\\Console\\Input\\ArrayInput), Object(Illuminate\\Console\\OutputStyle))
#18 C:\\xampp\\htdocs\\user-api\\vendor\\illuminate\\console\\Concerns\\CallsCommands.php(28): Illuminate\\Console\\Command->runCommand('migrate', Array, Object(Illuminate\\Console\\OutputStyle))
#19 C:\\xampp\\htdocs\\user-api\\vendor\\illuminate\\database\\Console\\Migrations\\RefreshCommand.php(62): Illuminate\\Console\\Command->call('migrate', Array)
#20 C:\\xampp\\htdocs\\user-api\\vendor\\illuminate\\container\\BoundMethod.php(36): Illuminate\\Database\\Console\\Migrations\\RefreshCommand->handle()
#21 C:\\xampp\\htdocs\\user-api\\vendor\\illuminate\\container\\Util.php(41): Illuminate\\Container\\BoundMethod::Illuminate\\Container\\{closure}()
#22 C:\\xampp\\htdocs\\user-api\\vendor\\illuminate\\container\\BoundMethod.php(93): Illuminate\\Container\\Util::unwrapIfClosure(Object(Closure))
#23 C:\\xampp\\htdocs\\user-api\\vendor\\illuminate\\container\\BoundMethod.php(37): Illuminate\\Container\\BoundMethod::callBoundMethod(Object(Laravel\\Lumen\\Application), Array, Object(Closure))
#24 C:\\xampp\\htdocs\\user-api\\vendor\\illuminate\\container\\Container.php(653): Illuminate\\Container\\BoundMethod::call(Object(Laravel\\Lumen\\Application), Array, Array, NULL)
#25 C:\\xampp\\htdocs\\user-api\\vendor\\illuminate\\console\\Command.php(136): Illuminate\\Container\\Container->call(Array)
#26 C:\\xampp\\htdocs\\user-api\\vendor\\symfony\\console\\Command\\Command.php(291): Illuminate\\Console\\Command->execute(Object(Symfony\\Component\\Console\\Input\\ArgvInput), Object(Illuminate\\Console\\OutputStyle))
#27 C:\\xampp\\htdocs\\user-api\\vendor\\illuminate\\console\\Command.php(121): Symfony\\Component\\Console\\Command\\Command->run(Object(Symfony\\Component\\Console\\Input\\ArgvInput), Object(Illuminate\\Console\\OutputStyle))
#28 C:\\xampp\\htdocs\\user-api\\vendor\\symfony\\console\\Application.php(989): Illuminate\\Console\\Command->run(Object(Symfony\\Component\\Console\\Input\\ArgvInput), Object(Symfony\\Component\\Console\\Output\\ConsoleOutput))
#29 C:\\xampp\\htdocs\\user-api\\vendor\\symfony\\console\\Application.php(299): Symfony\\Component\\Console\\Application->doRunCommand(Object(Illuminate\\Database\\Console\\Migrations\\RefreshCommand), Object(Symfony\\Component\\Console\\Input\\ArgvInput), Object(Symfony\\Component\\Console\\Output\\ConsoleOutput))
#30 C:\\xampp\\htdocs\\user-api\\vendor\\symfony\\console\\Application.php(171): Symfony\\Component\\Console\\Application->doRun(Object(Symfony\\Component\\Console\\Input\\ArgvInput), Object(Symfony\\Component\\Console\\Output\\ConsoleOutput))
#31 C:\\xampp\\htdocs\\user-api\\vendor\\illuminate\\console\\Application.php(102): Symfony\\Component\\Console\\Application->run(Object(Symfony\\Component\\Console\\Input\\ArgvInput), Object(Symfony\\Component\\Console\\Output\\ConsoleOutput))
#32 C:\\xampp\\htdocs\\user-api\\vendor\\laravel\\lumen-framework\\src\\Console\\Kernel.php(116): Illuminate\\Console\\Application->run(Object(Symfony\\Component\\Console\\Input\\ArgvInput), Object(Symfony\\Component\\Console\\Output\\ConsoleOutput))
#33 C:\\xampp\\htdocs\\user-api\\artisan(35): Laravel\\Lumen\\Console\\Kernel->handle(Object(Symfony\\Component\\Console\\Input\\ArgvInput), Object(Symfony\\Component\\Console\\Output\\ConsoleOutput))
#34 {main}
"} 
[2022-03-03 20:36:13] local.ERROR: There are no commands defined in the "config" namespace. {"exception":"[object] (Symfony\\Component\\Console\\Exception\\NamespaceNotFoundException(code: 0): There are no commands defined in the \"config\" namespace. at C:\\xampp\\htdocs\\user-api\\vendor\\symfony\\console\\Application.php:613)
[stacktrace]
#0 C:\\xampp\\htdocs\\user-api\\vendor\\symfony\\console\\Application.php(664): Symfony\\Component\\Console\\Application->findNamespace('config')
#1 C:\\xampp\\htdocs\\user-api\\vendor\\symfony\\console\\Application.php(259): Symfony\\Component\\Console\\Application->find('config:clear')
#2 C:\\xampp\\htdocs\\user-api\\vendor\\symfony\\console\\Application.php(171): Symfony\\Component\\Console\\Application->doRun(Object(Symfony\\Component\\Console\\Input\\ArgvInput), Object(Symfony\\Component\\Console\\Output\\ConsoleOutput))
#3 C:\\xampp\\htdocs\\user-api\\vendor\\illuminate\\console\\Application.php(102): Symfony\\Component\\Console\\Application->run(Object(Symfony\\Component\\Console\\Input\\ArgvInput), Object(Symfony\\Component\\Console\\Output\\ConsoleOutput))
#4 C:\\xampp\\htdocs\\user-api\\vendor\\laravel\\lumen-framework\\src\\Console\\Kernel.php(116): Illuminate\\Console\\Application->run(Object(Symfony\\Component\\Console\\Input\\ArgvInput), Object(Symfony\\Component\\Console\\Output\\ConsoleOutput))
#5 C:\\xampp\\htdocs\\user-api\\artisan(35): Laravel\\Lumen\\Console\\Kernel->handle(Object(Symfony\\Component\\Console\\Input\\ArgvInput), Object(Symfony\\Component\\Console\\Output\\ConsoleOutput))
#6 {main}
"} 
[2022-03-03 20:36:21] local.ERROR: Error: config/permission.php not loaded. Run [php artisan config:clear] and try again. {"exception":"[object] (Exception(code: 0): Error: config/permission.php not loaded. Run [php artisan config:clear] and try again. at C:\\xampp\\htdocs\\user-api\\database\\migrations\\create_permission_tables.php:22)
[stacktrace]
#0 C:\\xampp\\htdocs\\user-api\\vendor\\illuminate\\database\\Migrations\\Migrator.php(472): Illuminate\\Database\\Migrations\\Migration@anonymous->up()
#1 C:\\xampp\\htdocs\\user-api\\vendor\\illuminate\\database\\Migrations\\Migrator.php(394): Illuminate\\Database\\Migrations\\Migrator->runMethod(Object(Illuminate\\Database\\MySqlConnection), Object(Illuminate\\Database\\Migrations\\Migration@anonymous), 'up')
#2 C:\\xampp\\htdocs\\user-api\\vendor\\illuminate\\database\\Migrations\\Migrator.php(403): Illuminate\\Database\\Migrations\\Migrator->Illuminate\\Database\\Migrations\\{closure}()
#3 C:\\xampp\\htdocs\\user-api\\vendor\\illuminate\\database\\Migrations\\Migrator.php(202): Illuminate\\Database\\Migrations\\Migrator->runMigration(Object(Illuminate\\Database\\Migrations\\Migration@anonymous), 'up')
#4 C:\\xampp\\htdocs\\user-api\\vendor\\illuminate\\database\\Migrations\\Migrator.php(167): Illuminate\\Database\\Migrations\\Migrator->runUp('C:\\\\xampp\\\\htdocs...', 1, false)
#5 C:\\xampp\\htdocs\\user-api\\vendor\\illuminate\\database\\Migrations\\Migrator.php(112): Illuminate\\Database\\Migrations\\Migrator->runPending(Array, Array)
#6 C:\\xampp\\htdocs\\user-api\\vendor\\illuminate\\database\\Console\\Migrations\\MigrateCommand.php(85): Illuminate\\Database\\Migrations\\Migrator->run(Array, Array)
#7 C:\\xampp\\htdocs\\user-api\\vendor\\illuminate\\database\\Migrations\\Migrator.php(606): Illuminate\\Database\\Console\\Migrations\\MigrateCommand->Illuminate\\Database\\Console\\Migrations\\{closure}()
#8 C:\\xampp\\htdocs\\user-api\\vendor\\illuminate\\database\\Console\\Migrations\\MigrateCommand.php(94): Illuminate\\Database\\Migrations\\Migrator->usingConnection(NULL, Object(Closure))
#9 C:\\xampp\\htdocs\\user-api\\vendor\\illuminate\\container\\BoundMethod.php(36): Illuminate\\Database\\Console\\Migrations\\MigrateCommand->handle()
#10 C:\\xampp\\htdocs\\user-api\\vendor\\illuminate\\container\\Util.php(41): Illuminate\\Container\\BoundMethod::Illuminate\\Container\\{closure}()
#11 C:\\xampp\\htdocs\\user-api\\vendor\\illuminate\\container\\BoundMethod.php(93): Illuminate\\Container\\Util::unwrapIfClosure(Object(Closure))
#12 C:\\xampp\\htdocs\\user-api\\vendor\\illuminate\\container\\BoundMethod.php(37): Illuminate\\Container\\BoundMethod::callBoundMethod(Object(Laravel\\Lumen\\Application), Array, Object(Closure))
#13 C:\\xampp\\htdocs\\user-api\\vendor\\illuminate\\container\\Container.php(653): Illuminate\\Container\\BoundMethod::call(Object(Laravel\\Lumen\\Application), Array, Array, NULL)
#14 C:\\xampp\\htdocs\\user-api\\vendor\\illuminate\\console\\Command.php(136): Illuminate\\Container\\Container->call(Array)
#15 C:\\xampp\\htdocs\\user-api\\vendor\\symfony\\console\\Command\\Command.php(291): Illuminate\\Console\\Command->execute(Object(Symfony\\Component\\Console\\Input\\ArrayInput), Object(Illuminate\\Console\\OutputStyle))
#16 C:\\xampp\\htdocs\\user-api\\vendor\\illuminate\\console\\Command.php(121): Symfony\\Component\\Console\\Command\\Command->run(Object(Symfony\\Component\\Console\\Input\\ArrayInput), Object(Illuminate\\Console\\OutputStyle))
#17 C:\\xampp\\htdocs\\user-api\\vendor\\illuminate\\console\\Concerns\\CallsCommands.php(68): Illuminate\\Console\\Command->run(Object(Symfony\\Component\\Console\\Input\\ArrayInput), Object(Illuminate\\Console\\OutputStyle))
#18 C:\\xampp\\htdocs\\user-api\\vendor\\illuminate\\console\\Concerns\\CallsCommands.php(28): Illuminate\\Console\\Command->runCommand('migrate', Array, Object(Illuminate\\Console\\OutputStyle))
#19 C:\\xampp\\htdocs\\user-api\\vendor\\illuminate\\database\\Console\\Migrations\\RefreshCommand.php(62): Illuminate\\Console\\Command->call('migrate', Array)
#20 C:\\xampp\\htdocs\\user-api\\vendor\\illuminate\\container\\BoundMethod.php(36): Illuminate\\Database\\Console\\Migrations\\RefreshCommand->handle()
#21 C:\\xampp\\htdocs\\user-api\\vendor\\illuminate\\container\\Util.php(41): Illuminate\\Container\\BoundMethod::Illuminate\\Container\\{closure}()
#22 C:\\xampp\\htdocs\\user-api\\vendor\\illuminate\\container\\BoundMethod.php(93): Illuminate\\Container\\Util::unwrapIfClosure(Object(Closure))
#23 C:\\xampp\\htdocs\\user-api\\vendor\\illuminate\\container\\BoundMethod.php(37): Illuminate\\Container\\BoundMethod::callBoundMethod(Object(Laravel\\Lumen\\Application), Array, Object(Closure))
#24 C:\\xampp\\htdocs\\user-api\\vendor\\illuminate\\container\\Container.php(653): Illuminate\\Container\\BoundMethod::call(Object(Laravel\\Lumen\\Application), Array, Array, NULL)
#25 C:\\xampp\\htdocs\\user-api\\vendor\\illuminate\\console\\Command.php(136): Illuminate\\Container\\Container->call(Array)
#26 C:\\xampp\\htdocs\\user-api\\vendor\\symfony\\console\\Command\\Command.php(291): Illuminate\\Console\\Command->execute(Object(Symfony\\Component\\Console\\Input\\ArgvInput), Object(Illuminate\\Console\\OutputStyle))
#27 C:\\xampp\\htdocs\\user-api\\vendor\\illuminate\\console\\Command.php(121): Symfony\\Component\\Console\\Command\\Command->run(Object(Symfony\\Component\\Console\\Input\\ArgvInput), Object(Illuminate\\Console\\OutputStyle))
#28 C:\\xampp\\htdocs\\user-api\\vendor\\symfony\\console\\Application.php(989): Illuminate\\Console\\Command->run(Object(Symfony\\Component\\Console\\Input\\ArgvInput), Object(Symfony\\Component\\Console\\Output\\ConsoleOutput))
#29 C:\\xampp\\htdocs\\user-api\\vendor\\symfony\\console\\Application.php(299): Symfony\\Component\\Console\\Application->doRunCommand(Object(Illuminate\\Database\\Console\\Migrations\\RefreshCommand), Object(Symfony\\Component\\Console\\Input\\ArgvInput), Object(Symfony\\Component\\Console\\Output\\ConsoleOutput))
#30 C:\\xampp\\htdocs\\user-api\\vendor\\symfony\\console\\Application.php(171): Symfony\\Component\\Console\\Application->doRun(Object(Symfony\\Component\\Console\\Input\\ArgvInput), Object(Symfony\\Component\\Console\\Output\\ConsoleOutput))
#31 C:\\xampp\\htdocs\\user-api\\vendor\\illuminate\\console\\Application.php(102): Symfony\\Component\\Console\\Application->run(Object(Symfony\\Component\\Console\\Input\\ArgvInput), Object(Symfony\\Component\\Console\\Output\\ConsoleOutput))
#32 C:\\xampp\\htdocs\\user-api\\vendor\\laravel\\lumen-framework\\src\\Console\\Kernel.php(116): Illuminate\\Console\\Application->run(Object(Symfony\\Component\\Console\\Input\\ArgvInput), Object(Symfony\\Component\\Console\\Output\\ConsoleOutput))
#33 C:\\xampp\\htdocs\\user-api\\artisan(35): Laravel\\Lumen\\Console\\Kernel->handle(Object(Symfony\\Component\\Console\\Input\\ArgvInput), Object(Symfony\\Component\\Console\\Output\\ConsoleOutput))
#34 {main}
"} 
[2022-03-03 21:58:54] local.ERROR: Target class [auth.role] does not exist. {"exception":"[object] (Illuminate\\Contracts\\Container\\BindingResolutionException(code: 0): Target class [auth.role] does not exist. at C:\\xampp\\htdocs\\user-api\\vendor\\illuminate\\container\\Container.php:879)
[stacktrace]
#0 C:\\xampp\\htdocs\\user-api\\vendor\\illuminate\\container\\Container.php(758): Illuminate\\Container\\Container->build('auth.role')
#1 C:\\xampp\\htdocs\\user-api\\vendor\\illuminate\\container\\Container.php(694): Illuminate\\Container\\Container->resolve('auth.role', Array)
#2 C:\\xampp\\htdocs\\user-api\\vendor\\laravel\\lumen-framework\\src\\Application.php(300): Illuminate\\Container\\Container->make('auth.role', Array)
#3 C:\\xampp\\htdocs\\user-api\\vendor\\illuminate\\pipeline\\Pipeline.php(169): Laravel\\Lumen\\Application->make('auth.role')
#4 C:\\xampp\\htdocs\\user-api\\vendor\\laravel\\lumen-framework\\src\\Routing\\Pipeline.php(30): Illuminate\\Pipeline\\Pipeline->Illuminate\\Pipeline\\{closure}(Object(Laravel\\Lumen\\Http\\Request))
#5 C:\\xampp\\htdocs\\user-api\\vendor\\illuminate\\pipeline\\Pipeline.php(116): Laravel\\Lumen\\Routing\\Pipeline->Laravel\\Lumen\\Routing\\{closure}(Object(Laravel\\Lumen\\Http\\Request))
#6 C:\\xampp\\htdocs\\user-api\\vendor\\laravel\\lumen-framework\\src\\Concerns\\RoutesRequests.php(426): Illuminate\\Pipeline\\Pipeline->then(Object(Closure))
#7 C:\\xampp\\htdocs\\user-api\\vendor\\laravel\\lumen-framework\\src\\Concerns\\RoutesRequests.php(263): Laravel\\Lumen\\Application->sendThroughPipeline(Array, Object(Closure))
#8 C:\\xampp\\htdocs\\user-api\\vendor\\laravel\\lumen-framework\\src\\Concerns\\RoutesRequests.php(237): Laravel\\Lumen\\Application->handleFoundRoute(Array)
#9 C:\\xampp\\htdocs\\user-api\\vendor\\laravel\\lumen-framework\\src\\Concerns\\RoutesRequests.php(173): Laravel\\Lumen\\Application->handleDispatcherResponse(Array)
#10 C:\\xampp\\htdocs\\user-api\\vendor\\laravel\\lumen-framework\\src\\Concerns\\RoutesRequests.php(429): Laravel\\Lumen\\Application->Laravel\\Lumen\\Concerns\\{closure}(Object(Laravel\\Lumen\\Http\\Request))
#11 C:\\xampp\\htdocs\\user-api\\vendor\\laravel\\lumen-framework\\src\\Concerns\\RoutesRequests.php(175): Laravel\\Lumen\\Application->sendThroughPipeline(Array, Object(Closure))
#12 C:\\xampp\\htdocs\\user-api\\vendor\\laravel\\lumen-framework\\src\\Concerns\\RoutesRequests.php(112): Laravel\\Lumen\\Application->dispatch(NULL)
#13 C:\\xampp\\htdocs\\user-api\\public\\index.php(28): Laravel\\Lumen\\Application->run()
#14 {main}

[previous exception] [object] (ReflectionException(code: -1): Class \"auth.role\" does not exist at C:\\xampp\\htdocs\\user-api\\vendor\\illuminate\\container\\Container.php:877)
[stacktrace]
#0 C:\\xampp\\htdocs\\user-api\\vendor\\illuminate\\container\\Container.php(877): ReflectionClass->__construct('auth.role')
#1 C:\\xampp\\htdocs\\user-api\\vendor\\illuminate\\container\\Container.php(758): Illuminate\\Container\\Container->build('auth.role')
#2 C:\\xampp\\htdocs\\user-api\\vendor\\illuminate\\container\\Container.php(694): Illuminate\\Container\\Container->resolve('auth.role', Array)
#3 C:\\xampp\\htdocs\\user-api\\vendor\\laravel\\lumen-framework\\src\\Application.php(300): Illuminate\\Container\\Container->make('auth.role', Array)
#4 C:\\xampp\\htdocs\\user-api\\vendor\\illuminate\\pipeline\\Pipeline.php(169): Laravel\\Lumen\\Application->make('auth.role')
#5 C:\\xampp\\htdocs\\user-api\\vendor\\laravel\\lumen-framework\\src\\Routing\\Pipeline.php(30): Illuminate\\Pipeline\\Pipeline->Illuminate\\Pipeline\\{closure}(Object(Laravel\\Lumen\\Http\\Request))
#6 C:\\xampp\\htdocs\\user-api\\vendor\\illuminate\\pipeline\\Pipeline.php(116): Laravel\\Lumen\\Routing\\Pipeline->Laravel\\Lumen\\Routing\\{closure}(Object(Laravel\\Lumen\\Http\\Request))
#7 C:\\xampp\\htdocs\\user-api\\vendor\\laravel\\lumen-framework\\src\\Concerns\\RoutesRequests.php(426): Illuminate\\Pipeline\\Pipeline->then(Object(Closure))
#8 C:\\xampp\\htdocs\\user-api\\vendor\\laravel\\lumen-framework\\src\\Concerns\\RoutesRequests.php(263): Laravel\\Lumen\\Application->sendThroughPipeline(Array, Object(Closure))
#9 C:\\xampp\\htdocs\\user-api\\vendor\\laravel\\lumen-framework\\src\\Concerns\\RoutesRequests.php(237): Laravel\\Lumen\\Application->handleFoundRoute(Array)
#10 C:\\xampp\\htdocs\\user-api\\vendor\\laravel\\lumen-framework\\src\\Concerns\\RoutesRequests.php(173): Laravel\\Lumen\\Application->handleDispatcherResponse(Array)
#11 C:\\xampp\\htdocs\\user-api\\vendor\\laravel\\lumen-framework\\src\\Concerns\\RoutesRequests.php(429): Laravel\\Lumen\\Application->Laravel\\Lumen\\Concerns\\{closure}(Object(Laravel\\Lumen\\Http\\Request))
#12 C:\\xampp\\htdocs\\user-api\\vendor\\laravel\\lumen-framework\\src\\Concerns\\RoutesRequests.php(175): Laravel\\Lumen\\Application->sendThroughPipeline(Array, Object(Closure))
#13 C:\\xampp\\htdocs\\user-api\\vendor\\laravel\\lumen-framework\\src\\Concerns\\RoutesRequests.php(112): Laravel\\Lumen\\Application->dispatch(NULL)
#14 C:\\xampp\\htdocs\\user-api\\public\\index.php(28): Laravel\\Lumen\\Application->run()
#15 {main}
"} 
[2022-03-03 22:00:33] local.ERROR: Unclosed '(' on line 25 does not match ']' {"exception":"[object] (ParseError(code: 0): Unclosed '(' on line 25 does not match ']' at C:\\xampp\\htdocs\\user-api\outes\\web.php:26)
[stacktrace]
#0 C:\\xampp\\htdocs\\user-api\\vendor\\laravel\\lumen-framework\\src\\Routing\\Router.php(62): {closure}(Object(Laravel\\Lumen\\Routing\\Router))
#1 C:\\xampp\\htdocs\\user-api\\bootstrap\\app.php(113): Laravel\\Lumen\\Routing\\Router->group(Array, Object(Closure))
#2 C:\\xampp\\htdocs\\user-api\\public\\index.php(14): require('C:\\\\xampp\\\\htdocs...')
#3 {main}
"} 
[2022-03-03 22:46:05] local.ERROR: Cannot declare class CreateRolesTable, because the name is already in use {"exception":"[object] (Symfony\\Component\\ErrorHandler\\Error\\FatalError(code: 0): Cannot declare class CreateRolesTable, because the name is already in use at C:\\xampp\\htdocs\\user-api\\database\\migrations\ole_migration.php:6)
[stacktrace]
#0 {main}
"} 
[2022-03-03 23:04:01] local.ERROR: syntax error, unexpected variable "$user" {"exception":"[object] (ParseError(code: 0): syntax error, unexpected variable \"$user\" at C:\\xampp\\htdocs\\user-api\\app\\Http\\Controllers\\UserController.php:59)
[stacktrace]
#0 C:\\xampp\\htdocs\\user-api\\vendor\\composer\\ClassLoader.php(428): Composer\\Autoload\\includeFile('C:\\\\xampp\\\\htdocs...')
#1 [internal function]: Composer\\Autoload\\ClassLoader->loadClass('App\\\\Http\\\\Contro...')
#2 C:\\xampp\\htdocs\\user-api\\vendor\\illuminate\\container\\Container.php(877): ReflectionClass->__construct('App\\\\Http\\\\Contro...')
#3 C:\\xampp\\htdocs\\user-api\\vendor\\illuminate\\container\\Container.php(758): Illuminate\\Container\\Container->build('App\\\\Http\\\\Contro...')
#4 C:\\xampp\\htdocs\\user-api\\vendor\\illuminate\\container\\Container.php(694): Illuminate\\Container\\Container->resolve('App\\\\Http\\\\Contro...', Array)
#5 C:\\xampp\\htdocs\\user-api\\vendor\\laravel\\lumen-framework\\src\\Application.php(300): Illuminate\\Container\\Container->make('App\\\\Http\\\\Contro...', Array)
#6 C:\\xampp\\htdocs\\user-api\\vendor\\laravel\\lumen-framework\\src\\Concerns\\RoutesRequests.php(324): Laravel\\Lumen\\Application->make('App\\\\Http\\\\Contro...')
#7 C:\\xampp\\htdocs\\user-api\\vendor\\laravel\\lumen-framework\\src\\Concerns\\RoutesRequests.php(282): Laravel\\Lumen\\Application->callControllerAction(Array)
#8 C:\\xampp\\htdocs\\user-api\\vendor\\laravel\\lumen-framework\\src\\Concerns\\RoutesRequests.php(267): Laravel\\Lumen\\Application->callActionOnArrayBasedRoute(Array)
#9 C:\\xampp\\htdocs\\user-api\\vendor\\laravel\\lumen-framework\\src\\Concerns\\RoutesRequests.php(237): Laravel\\Lumen\\Application->handleFoundRoute(Array)
#10 C:\\xampp\\htdocs\\user-api\\vendor\\laravel\\lumen-framework\\src\\Concerns\\RoutesRequests.php(173): Laravel\\Lumen\\Application->handleDispatcherResponse(Array)
#11 C:\\xampp\\htdocs\\user-api\\vendor\\laravel\\lumen-framework\\src\\Concerns\\RoutesRequests.php(429): Laravel\\Lumen\\Application->Laravel\\Lumen\\Concerns\\{closure}(Object(Laravel\\Lumen\\Http\\Request))
#12 C:\\xampp\\htdocs\\user-api\\vendor\\laravel\\lumen-framework\\src\\Concerns\\RoutesRequests.php(175): Laravel\\Lumen\\Application->sendThroughPipeline(Array, Object(Closure))
#13 C:\\xampp\\htdocs\\user-api\\vendor\\laravel\\lumen-framework\\src\\Concerns\\RoutesRequests.php(112): Laravel\\Lumen\\Application->dispatch(NULL)
#14 C:\\xampp\\htdocs\\user-api\\public\\index.php(28): Laravel\\Lumen\\Application->run()
#15 {main}
"} 
